Log file open, 04/11/20 15:28:48
LogWindows: Failed to load 'aqProf.dll' (GetLastError=126)
LogWindows: File 'aqProf.dll' does not exist
LogWindows: Failed to load 'VtuneApi.dll' (GetLastError=126)
LogWindows: File 'VtuneApi.dll' does not exist
LogWindows: Failed to load 'VtuneApi32e.dll' (GetLastError=126)
LogWindows: File 'VtuneApi32e.dll' does not exist
LogConsoleResponse: Display: Failed to find resolution value strings in scalability ini. Falling back to default.
LogInit: Display: Running engine for game: MoneyHeist
LogPlatformFile: Not using cached read wrapper
LogTaskGraph: Started task graph with 5 named threads and 14 total threads with 3 sets of task threads.
LogStats: Stats thread started at 0.115140
LogD3D11RHI: Loaded GFSDK_Aftermath_Lib.x64.dll
LogICUInternationalization: ICU TimeZone Detection - Raw Offset: -8:00, Platform Override: ''
LogPluginManager: Mounting plugin Paper2D
LogPluginManager: Mounting plugin AISupport
LogPluginManager: Mounting plugin LightPropagationVolume
LogPluginManager: Mounting plugin ActorLayerUtilities
LogPluginManager: Mounting plugin AnimationSharing
LogPluginManager: Mounting plugin CLionSourceCodeAccess
LogPluginManager: Mounting plugin CodeLiteSourceCodeAccess
LogPluginManager: Mounting plugin GitSourceControl
LogPluginManager: Mounting plugin KDevelopSourceCodeAccess
LogPluginManager: Mounting plugin NullSourceCodeAccess
LogPluginManager: Mounting plugin PerforceSourceControl
LogPluginManager: Mounting plugin PlasticSourceControl
LogPluginManager: Mounting plugin SubversionSourceControl
LogPluginManager: Mounting plugin UObjectPlugin
LogPluginManager: Mounting plugin VisualStudioCodeSourceCodeAccess
LogPluginManager: Mounting plugin VisualStudioSourceCodeAccess
LogPluginManager: Mounting plugin XCodeSourceCodeAccess
LogPluginManager: Mounting plugin AssetManagerEditor
LogPluginManager: Mounting plugin CryptoKeys
LogPluginManager: Mounting plugin CurveEditorTools
LogPluginManager: Mounting plugin DataValidation
LogPluginManager: Mounting plugin FacialAnimation
LogPluginManager: Mounting plugin GameplayTagsEditor
LogPluginManager: Mounting plugin MacGraphicsSwitching
LogPluginManager: Mounting plugin MaterialAnalyzer
LogPluginManager: Mounting plugin MobileLauncherProfileWizard
LogPluginManager: Mounting plugin PluginBrowser
LogPluginManager: Mounting plugin SpeedTreeImporter
LogPluginManager: Mounting plugin DatasmithContent
LogPluginManager: Mounting plugin VariantManagerContent
LogPluginManager: Mounting plugin AlembicImporter
LogPluginManager: Mounting plugin AutomationUtils
LogPluginManager: Mounting plugin BackChannel
LogPluginManager: Mounting plugin CharacterAI
LogPluginManager: Mounting plugin GeometryCache
LogPluginManager: Mounting plugin PlatformCrypto
LogPluginManager: Mounting plugin ProxyLODPlugin
LogPluginManager: Mounting plugin SkeletalReduction
LogPluginManager: Mounting plugin MagicLeap
LogPluginManager: Mounting plugin MagicLeapMedia
LogPluginManager: Mounting plugin MLSDK
LogPluginManager: Mounting plugin AndroidMedia
LogPluginManager: Mounting plugin AvfMedia
LogPluginManager: Mounting plugin ImgMedia
LogPluginManager: Mounting plugin MediaCompositing
LogPluginManager: Mounting plugin MediaPlayerEditor
LogPluginManager: Mounting plugin WebMMedia
LogPluginManager: Mounting plugin WmfMedia
LogPluginManager: Mounting plugin TcpMessaging
LogPluginManager: Mounting plugin UdpMessaging
LogPluginManager: Mounting plugin ActorSequence
LogPluginManager: Mounting plugin LevelSequenceEditor
LogPluginManager: Mounting plugin MatineeToLevelSequence
LogPluginManager: Mounting plugin NetcodeUnitTest
LogPluginManager: Mounting plugin NUTUnrealEngine4
LogPluginManager: Mounting plugin OnlineSubsystemGooglePlay
LogPluginManager: Mounting plugin OnlineSubsystemIOS
LogPluginManager: Mounting plugin OnlineSubsystem
LogPluginManager: Mounting plugin OnlineSubsystemNull
LogPluginManager: Mounting plugin OnlineSubsystemUtils
LogPluginManager: Mounting plugin LauncherChunkInstaller
LogPluginManager: Mounting plugin AndroidDeviceProfileSelector
LogPluginManager: Mounting plugin AndroidMoviePlayer
LogPluginManager: Mounting plugin AndroidPermission
LogPluginManager: Mounting plugin AppleImageUtils
LogPluginManager: Mounting plugin AppleMoviePlayer
LogPluginManager: Mounting plugin ArchVisCharacter
LogPluginManager: Mounting plugin AssetTags
LogPluginManager: Mounting plugin AudioCapture
LogPluginManager: Mounting plugin CableComponent
LogPluginManager: Mounting plugin CustomMeshComponent
LogPluginManager: Mounting plugin EditableMesh
LogPluginManager: Mounting plugin ExampleDeviceProfileSelector
LogPluginManager: Mounting plugin GoogleCloudMessaging
LogPluginManager: Mounting plugin IOSDeviceProfileSelector
LogPluginManager: Mounting plugin LinuxDeviceProfileSelector
LogPluginManager: Mounting plugin LocationServicesBPLibrary
LogPluginManager: Mounting plugin MobilePatchingUtils
LogPluginManager: Mounting plugin OculusVR
LogPluginManager: Mounting plugin PhysXVehicles
LogPluginManager: Mounting plugin PostSplashScreen
LogPluginManager: Mounting plugin ProceduralMeshComponent
LogPluginManager: Mounting plugin RuntimePhysXCooking
LogPluginManager: Mounting plugin SignificanceManager
LogPluginManager: Mounting plugin SteamVR
LogPluginManager: Mounting plugin WebMMoviePlayer
LogPluginManager: Mounting plugin WindowsMoviePlayer
LogPluginManager: Mounting plugin ScreenshotTools
LogInit: Using libcurl 7.55.1-DEV
LogInit:  - built for x86_64-pc-win32
LogInit:  - supports SSL with OpenSSL/1.1.1
LogInit:  - supports HTTP deflate (compression) using libz 1.2.8
LogInit:  - other features:
LogInit:      CURL_VERSION_SSL
LogInit:      CURL_VERSION_LIBZ
LogInit:      CURL_VERSION_IPV6
LogInit:      CURL_VERSION_ASYNCHDNS
LogInit:      CURL_VERSION_LARGEFILE
LogInit:      CURL_VERSION_IDN
LogInit:  CurlRequestOptions (configurable via config and command line):
LogInit:  - bVerifyPeer = true  - Libcurl will verify peer certificate
LogInit:  - bUseHttpProxy = false  - Libcurl will NOT use HTTP proxy
LogInit:  - bDontReuseConnections = false  - Libcurl will reuse connections
LogInit:  - MaxHostConnections = 16  - Libcurl will limit the number of connections to a host
LogInit:  - LocalHostAddr = Default
LogInit:  - BufferSize = 65536
LogOnline: OSS: Creating online subsystem instance for: NULL
LogInit: WinSock: version 1.1 (2.2), MaxSocks=32767, MaxUdp=65467
LogOnline: OSS: TryLoadSubsystemAndSetDefault: Loaded subsystem for module [NULL]
LogInit: Build: ++UE4+Release-4.24-CL-10757647
LogInit: Engine Version: 4.24.1-10757647+++UE4+Release-4.24
LogInit: Compatible Engine Version: 4.24.0-10570792+++UE4+Release-4.24
LogInit: Net CL: 10570792
LogInit: OS: Windows 10 (Release 1903) (), CPU: Intel(R) Core(TM) i5-6300HQ CPU @ 2.30GHz, GPU: Intel(R) HD Graphics 530
LogInit: Compiled (64-bit): Dec 17 2019 02:08:03
LogInit: Compiled with Visual C++: 19.16.27032.01
LogInit: Build Configuration: Development
LogInit: Branch Name: ++UE4+Release-4.24
LogInit: Command Line: 
LogInit: Base Directory: C:/Program Files/Epic Games/UE_4.24/Engine/Binaries/Win64/
LogInit: Installed Engine Build: 1
LogDevObjectVersion: Number of dev versions registered: 25
LogDevObjectVersion:   Dev-Blueprints (B0D832E4-1F89-4F0D-ACCF-7EB736FD4AA2): 10
LogDevObjectVersion:   Dev-Build (E1C64328-A22C-4D53-A36C-8E866417BD8C): 0
LogDevObjectVersion:   Dev-Core (375EC13C-06E4-48FB-B500-84F0262A717E): 3
LogDevObjectVersion:   Dev-Editor (E4B068ED-F494-42E9-A231-DA0B2E46BB41): 37
LogDevObjectVersion:   Dev-Framework (CFFC743F-43B0-4480-9391-14DF171D2073): 36
LogDevObjectVersion:   Dev-Mobile (B02B49B5-BB20-44E9-A304-32B752E40360): 2
LogDevObjectVersion:   Dev-Networking (A4E4105C-59A1-49B5-A7C5-40C4547EDFEE): 0
LogDevObjectVersion:   Dev-Online (39C831C9-5AE6-47DC-9A44-9C173E1C8E7C): 0
LogDevObjectVersion:   Dev-Physics (78F01B33-EBEA-4F98-B9B4-84EACCB95AA2): 2
LogDevObjectVersion:   Dev-Platform (6631380F-2D4D-43E0-8009-CF276956A95A): 0
LogDevObjectVersion:   Dev-Rendering (12F88B9F-8875-4AFC-A67C-D90C383ABD29): 36
LogDevObjectVersion:   Dev-Sequencer (7B5AE74C-D270-4C10-A958-57980B212A5A): 11
LogDevObjectVersion:   Dev-VR (D7296918-1DD6-4BDD-9DE2-64A83CC13884): 2
LogDevObjectVersion:   Dev-LoadTimes (C2A15278-BFE7-4AFE-6C17-90FF531DF755): 1
LogDevObjectVersion:   Private-Geometry (6EACA3D4-40EC-4CC1-B786-8BED09428FC5): 3
LogDevObjectVersion:   Dev-AnimPhys (29E575DD-E0A3-4627-9D10-D276232CDCEA): 17
LogDevObjectVersion:   Dev-Anim (AF43A65D-7FD3-4947-9873-3E8ED9C1BB05): 2
LogDevObjectVersion:   Dev-ReflectionCapture (6B266CEC-1EC7-4B8F-A30B-E4D90942FC07): 1
LogDevObjectVersion:   Dev-Automation (0DF73D61-A23F-47EA-B727-89E90C41499A): 1
LogDevObjectVersion:   FortniteMain (601D1886-AC64-4F84-AA16-D3DE0DEAC7D6): 31
LogDevObjectVersion:   Dev-Enterprise (9DFFBCD6-494F-0158-E221-12823C92A888): 8
LogDevObjectVersion:   Dev-Niagara (F2AED0AC-9AFE-416F-8664-AA7FFA26D6FC): 1
LogDevObjectVersion:   Dev-Destruction (174F1F0B-B4C6-45A5-B13F-2EE8D0FB917D): 9
LogDevObjectVersion:   Dev-Physics-Ext (35F94A83-E258-406C-A318-09F59610247C): 8
LogDevObjectVersion:   Dev-CineCamera (B2E18506-4273-CFC2-A54E-F4BB758BBA07): 1
LogInit: Presizing for max 25165824 objects, including 0 objects not considered by GC, pre-allocating 0 bytes for permanent pool.
LogInit: Object subsystem initialized
LogConfig: Setting CVar [[con.DebugEarlyDefault:1]]
LogConfig: Setting CVar [[r.setres:1280x720]]
[2020.04.11-22.28.48:557][  0]LogConfig: Setting CVar [[r.VSync:0]]
[2020.04.11-22.28.48:557][  0]LogConfig: Setting CVar [[r.RHICmdBypass:0]]
[2020.04.11-22.28.48:558][  0]LogConfig: Applying CVar settings from Section [/Script/Engine.RendererSettings] File [C:/Users/TheK-B1000/Desktop/The K-B Folder/Unreal/repos/MyGame/MoneyHeist/Saved/Config/Windows/Engine.ini]
[2020.04.11-22.28.48:558][  0]LogConfig: Setting CVar [[r.GPUCrashDebugging:0]]
[2020.04.11-22.28.48:558][  0]LogConfig: Applying CVar settings from Section [/Script/Engine.RendererOverrideSettings] File [C:/Users/TheK-B1000/Desktop/The K-B Folder/Unreal/repos/MyGame/MoneyHeist/Saved/Config/Windows/Engine.ini]
[2020.04.11-22.28.48:558][  0]LogConfig: Applying CVar settings from Section [/Script/Engine.StreamingSettings] File [C:/Users/TheK-B1000/Desktop/The K-B Folder/Unreal/repos/MyGame/MoneyHeist/Saved/Config/Windows/Engine.ini]
[2020.04.11-22.28.48:558][  0]LogConfig: Setting CVar [[s.MinBulkDataSizeForAsyncLoading:131072]]
[2020.04.11-22.28.48:558][  0]LogConfig: Setting CVar [[s.AsyncLoadingThreadEnabled:0]]
[2020.04.11-22.28.48:558][  0]LogConfig: Setting CVar [[s.EventDrivenLoaderEnabled:1]]
[2020.04.11-22.28.48:558][  0]LogConfig: Setting CVar [[s.WarnIfTimeLimitExceeded:0]]
[2020.04.11-22.28.48:558][  0]LogConfig: Setting CVar [[s.TimeLimitExceededMultiplier:1.5]]
[2020.04.11-22.28.48:558][  0]LogConfig: Setting CVar [[s.TimeLimitExceededMinTime:0.005]]
[2020.04.11-22.28.48:558][  0]LogConfig: Setting CVar [[s.UseBackgroundLevelStreaming:1]]
[2020.04.11-22.28.48:558][  0]LogConfig: Setting CVar [[s.PriorityAsyncLoadingExtraTime:15.0]]
[2020.04.11-22.28.48:558][  0]LogConfig: Setting CVar [[s.LevelStreamingActorsUpdateTimeLimit:5.0]]
[2020.04.11-22.28.48:558][  0]LogConfig: Setting CVar [[s.PriorityLevelStreamingActorsUpdateExtraTime:5.0]]
[2020.04.11-22.28.48:558][  0]LogConfig: Setting CVar [[s.LevelStreamingComponentsRegistrationGranularity:10]]
[2020.04.11-22.28.48:558][  0]LogConfig: Setting CVar [[s.UnregisterComponentsTimeLimit:1.0]]
[2020.04.11-22.28.48:558][  0]LogConfig: Setting CVar [[s.LevelStreamingComponentsUnregistrationGranularity:5]]
[2020.04.11-22.28.48:558][  0]LogConfig: Setting CVar [[s.FlushStreamingOnExit:1]]
[2020.04.11-22.28.48:558][  0]LogConfig: Applying CVar settings from Section [/Script/Engine.GarbageCollectionSettings] File [C:/Users/TheK-B1000/Desktop/The K-B Folder/Unreal/repos/MyGame/MoneyHeist/Saved/Config/Windows/Engine.ini]
[2020.04.11-22.28.48:558][  0]LogConfig: Setting CVar [[gc.MaxObjectsNotConsideredByGC:1]]
[2020.04.11-22.28.48:558][  0]LogConfig: Setting CVar [[gc.SizeOfPermanentObjectPool:0]]
[2020.04.11-22.28.48:558][  0]LogConfig: Setting CVar [[gc.FlushStreamingOnGC:0]]
[2020.04.11-22.28.48:558][  0]LogConfig: Setting CVar [[gc.NumRetriesBeforeForcingGC:10]]
[2020.04.11-22.28.48:558][  0]LogConfig: Setting CVar [[gc.AllowParallelGC:1]]
[2020.04.11-22.28.48:558][  0]LogConfig: Setting CVar [[gc.TimeBetweenPurgingPendingKillObjects:61.1]]
[2020.04.11-22.28.48:558][  0]LogConfig: Setting CVar [[gc.MaxObjectsInEditor:25165824]]
[2020.04.11-22.28.48:558][  0]LogConfig: Setting CVar [[gc.IncrementalBeginDestroyEnabled:1]]
[2020.04.11-22.28.48:558][  0]LogConfig: Setting CVar [[gc.CreateGCClusters:1]]
[2020.04.11-22.28.48:558][  0]LogConfig: Setting CVar [[gc.MinGCClusterSize:5]]
[2020.04.11-22.28.48:558][  0]LogConfig: Setting CVar [[gc.ActorClusteringEnabled:0]]
[2020.04.11-22.28.48:558][  0]LogConfig: Setting CVar [[gc.BlueprintClusteringEnabled:0]]
[2020.04.11-22.28.48:558][  0]LogConfig: Setting CVar [[gc.UseDisregardForGCOnDedicatedServers:0]]
[2020.04.11-22.28.48:558][  0]LogConfig: Applying CVar settings from Section [/Script/Engine.NetworkSettings] File [C:/Users/TheK-B1000/Desktop/The K-B Folder/Unreal/repos/MyGame/MoneyHeist/Saved/Config/Windows/Engine.ini]
[2020.04.11-22.28.48:558][  0]LogConfig: Applying CVar settings from Section [/Script/UnrealEd.CookerSettings] File [C:/Users/TheK-B1000/Desktop/The K-B Folder/Unreal/repos/MyGame/MoneyHeist/Saved/Config/Windows/Engine.ini]
[2020.04.11-22.28.48:563][  0]LogConfig: Applying CVar settings from Section [ViewDistanceQuality@3] File [C:/Users/TheK-B1000/Desktop/The K-B Folder/Unreal/repos/MyGame/MoneyHeist/Saved/Config/Windows/Scalability.ini]
[2020.04.11-22.28.48:563][  0]LogConfig: Setting CVar [[r.SkeletalMeshLODBias:0]]
[2020.04.11-22.28.48:563][  0]LogConfig: Setting CVar [[r.ViewDistanceScale:1.0]]
[2020.04.11-22.28.48:563][  0]LogConfig: Applying CVar settings from Section [AntiAliasingQuality@3] File [C:/Users/TheK-B1000/Desktop/The K-B Folder/Unreal/repos/MyGame/MoneyHeist/Saved/Config/Windows/Scalability.ini]
[2020.04.11-22.28.48:563][  0]LogConfig: Setting CVar [[r.PostProcessAAQuality:4]]
[2020.04.11-22.28.48:563][  0]LogConfig: Applying CVar settings from Section [ShadowQuality@3] File [C:/Users/TheK-B1000/Desktop/The K-B Folder/Unreal/repos/MyGame/MoneyHeist/Saved/Config/Windows/Scalability.ini]
[2020.04.11-22.28.48:563][  0]LogConfig: Setting CVar [[r.LightFunctionQuality:1]]
[2020.04.11-22.28.48:563][  0]LogConfig: Setting CVar [[r.ShadowQuality:5]]
[2020.04.11-22.28.48:563][  0]LogConfig: Setting CVar [[r.Shadow.CSM.MaxCascades:10]]
[2020.04.11-22.28.48:564][  0]LogConfig: Setting CVar [[r.Shadow.MaxResolution:2048]]
[2020.04.11-22.28.48:564][  0]LogConfig: Setting CVar [[r.Shadow.MaxCSMResolution:2048]]
[2020.04.11-22.28.48:564][  0]LogConfig: Setting CVar [[r.Shadow.RadiusThreshold:0.01]]
[2020.04.11-22.28.48:564][  0]LogConfig: Setting CVar [[r.Shadow.DistanceScale:1.0]]
[2020.04.11-22.28.48:564][  0]LogConfig: Setting CVar [[r.Shadow.CSM.TransitionScale:1.0]]
[2020.04.11-22.28.48:564][  0]LogConfig: Setting CVar [[r.Shadow.PreShadowResolutionFactor:1.0]]
[2020.04.11-22.28.48:564][  0]LogConfig: Setting CVar [[r.DistanceFieldShadowing:1]]
[2020.04.11-22.28.48:564][  0]LogConfig: Setting CVar [[r.DistanceFieldAO:1]]
[2020.04.11-22.28.48:564][  0]LogConfig: Setting CVar [[r.AOQuality:2]]
[2020.04.11-22.28.48:564][  0]LogConfig: Setting CVar [[r.VolumetricFog:1]]
[2020.04.11-22.28.48:564][  0]LogConfig: Setting CVar [[r.VolumetricFog.GridPixelSize:8]]
[2020.04.11-22.28.48:564][  0]LogConfig: Setting CVar [[r.VolumetricFog.GridSizeZ:128]]
[2020.04.11-22.28.48:564][  0]LogConfig: Setting CVar [[r.VolumetricFog.HistoryMissSupersampleCount:4]]
[2020.04.11-22.28.48:564][  0]LogConfig: Setting CVar [[r.LightMaxDrawDistanceScale:1]]
[2020.04.11-22.28.48:564][  0]LogConfig: Setting CVar [[r.CapsuleShadows:1]]
[2020.04.11-22.28.48:564][  0]LogConfig: Applying CVar settings from Section [PostProcessQuality@3] File [C:/Users/TheK-B1000/Desktop/The K-B Folder/Unreal/repos/MyGame/MoneyHeist/Saved/Config/Windows/Scalability.ini]
[2020.04.11-22.28.48:564][  0]LogConfig: Setting CVar [[r.MotionBlurQuality:4]]
[2020.04.11-22.28.48:564][  0]LogConfig: Setting CVar [[r.AmbientOcclusionMipLevelFactor:0.4]]
[2020.04.11-22.28.48:564][  0]LogConfig: Setting CVar [[r.AmbientOcclusionMaxQuality:100]]
[2020.04.11-22.28.48:564][  0]LogConfig: Setting CVar [[r.AmbientOcclusionLevels:-1]]
[2020.04.11-22.28.48:564][  0]LogConfig: Setting CVar [[r.AmbientOcclusionRadiusScale:1.0]]
[2020.04.11-22.28.48:564][  0]LogConfig: Setting CVar [[r.DepthOfFieldQuality:2]]
[2020.04.11-22.28.48:564][  0]LogConfig: Setting CVar [[r.RenderTargetPoolMin:400]]
[2020.04.11-22.28.48:564][  0]LogConfig: Setting CVar [[r.LensFlareQuality:2]]
[2020.04.11-22.28.48:564][  0]LogConfig: Setting CVar [[r.SceneColorFringeQuality:1]]
[2020.04.11-22.28.48:564][  0]LogConfig: Setting CVar [[r.EyeAdaptationQuality:2]]
[2020.04.11-22.28.48:564][  0]LogConfig: Setting CVar [[r.BloomQuality:5]]
[2020.04.11-22.28.48:564][  0]LogConfig: Setting CVar [[r.FastBlurThreshold:100]]
[2020.04.11-22.28.48:564][  0]LogConfig: Setting CVar [[r.Upscale.Quality:3]]
[2020.04.11-22.28.48:564][  0]LogConfig: Setting CVar [[r.Tonemapper.GrainQuantization:1]]
[2020.04.11-22.28.48:564][  0]LogConfig: Setting CVar [[r.LightShaftQuality:1]]
[2020.04.11-22.28.48:564][  0]LogConfig: Setting CVar [[r.Filter.SizeScale:1]]
[2020.04.11-22.28.48:564][  0]LogConfig: Setting CVar [[r.Tonemapper.Quality:5]]
[2020.04.11-22.28.48:564][  0]LogConfig: Setting CVar [[r.DOF.Gather.AccumulatorQuality:1        ; higher gathering accumulator quality]]
[2020.04.11-22.28.48:564][  0]LogConfig: Setting CVar [[r.DOF.Gather.PostfilterMethod:1          ; Median3x3 postfilering method]]
[2020.04.11-22.28.48:564][  0]LogConfig: Setting CVar [[r.DOF.Gather.EnableBokehSettings:0       ; no bokeh simulation when gathering]]
[2020.04.11-22.28.48:564][  0]LogConfig: Setting CVar [[r.DOF.Gather.RingCount:4                 ; medium number of samples when gathering]]
[2020.04.11-22.28.48:564][  0]LogConfig: Setting CVar [[r.DOF.Scatter.ForegroundCompositing:1    ; additive foreground scattering]]
[2020.04.11-22.28.48:564][  0]LogConfig: Setting CVar [[r.DOF.Scatter.BackgroundCompositing:2    ; additive background scattering]]
[2020.04.11-22.28.48:564][  0]LogConfig: Setting CVar [[r.DOF.Scatter.EnableBokehSettings:1      ; bokeh simulation when scattering]]
[2020.04.11-22.28.48:564][  0]LogConfig: Setting CVar [[r.DOF.Scatter.MaxSpriteRatio:0.1         ; only a maximum of 10% of scattered bokeh]]
[2020.04.11-22.28.48:564][  0]LogConfig: Setting CVar [[r.DOF.Recombine.Quality:1                ; cheap slight out of focus]]
[2020.04.11-22.28.48:564][  0]LogConfig: Setting CVar [[r.DOF.Recombine.EnableBokehSettings:0    ; no bokeh simulation on slight out of focus]]
[2020.04.11-22.28.48:564][  0]LogConfig: Setting CVar [[r.DOF.TemporalAAQuality:1                ; more stable temporal accumulation]]
[2020.04.11-22.28.48:564][  0]LogConfig: Setting CVar [[r.DOF.Kernel.MaxForegroundRadius:0.025]]
[2020.04.11-22.28.48:564][  0]LogConfig: Setting CVar [[r.DOF.Kernel.MaxBackgroundRadius:0.025]]
[2020.04.11-22.28.48:564][  0]LogConfig: Applying CVar settings from Section [TextureQuality@3] File [C:/Users/TheK-B1000/Desktop/The K-B Folder/Unreal/repos/MyGame/MoneyHeist/Saved/Config/Windows/Scalability.ini]
[2020.04.11-22.28.48:564][  0]LogConfig: Setting CVar [[r.Streaming.MipBias:0]]
[2020.04.11-22.28.48:564][  0]LogConfig: Setting CVar [[r.Streaming.AmortizeCPUToGPUCopy:0]]
[2020.04.11-22.28.48:564][  0]LogConfig: Setting CVar [[r.Streaming.MaxNumTexturesToStreamPerFrame:0]]
[2020.04.11-22.28.48:564][  0]LogConfig: Setting CVar [[r.Streaming.Boost:1]]
[2020.04.11-22.28.48:564][  0]LogConfig: Setting CVar [[r.MaxAnisotropy:8]]
[2020.04.11-22.28.48:564][  0]LogConfig: Setting CVar [[r.VT.MaxAnisotropy:8]]
[2020.04.11-22.28.48:564][  0]LogConfig: Setting CVar [[r.Streaming.LimitPoolSizeToVRAM:0]]
[2020.04.11-22.28.48:564][  0]LogConfig: Setting CVar [[r.Streaming.PoolSize:1000]]
[2020.04.11-22.28.48:565][  0]LogConfig: Setting CVar [[r.Streaming.MaxEffectiveScreenSize:0]]
[2020.04.11-22.28.48:565][  0]LogConfig: Applying CVar settings from Section [EffectsQuality@3] File [C:/Users/TheK-B1000/Desktop/The K-B Folder/Unreal/repos/MyGame/MoneyHeist/Saved/Config/Windows/Scalability.ini]
[2020.04.11-22.28.48:565][  0]LogConfig: Setting CVar [[r.TranslucencyLightingVolumeDim:64]]
[2020.04.11-22.28.48:565][  0]LogConfig: Setting CVar [[r.RefractionQuality:2]]
[2020.04.11-22.28.48:565][  0]LogConfig: Setting CVar [[r.SSR.Quality:3]]
[2020.04.11-22.28.48:565][  0]LogConfig: Setting CVar [[r.SSR.HalfResSceneColor:0]]
[2020.04.11-22.28.48:565][  0]LogConfig: Setting CVar [[r.SceneColorFormat:4]]
[2020.04.11-22.28.48:565][  0]LogConfig: Setting CVar [[r.DetailMode:2]]
[2020.04.11-22.28.48:565][  0]LogConfig: Setting CVar [[r.TranslucencyVolumeBlur:1]]
[2020.04.11-22.28.48:565][  0]LogConfig: Setting CVar [[r.MaterialQualityLevel:1 ; High quality]]
[2020.04.11-22.28.48:565][  0]LogConfig: Setting CVar [[r.SSS.Scale:1]]
[2020.04.11-22.28.48:565][  0]LogConfig: Setting CVar [[r.SSS.SampleSet:2]]
[2020.04.11-22.28.48:565][  0]LogConfig: Setting CVar [[r.SSS.Quality:1]]
[2020.04.11-22.28.48:565][  0]LogConfig: Setting CVar [[r.SSS.HalfRes:1]]
[2020.04.11-22.28.48:565][  0]LogConfig: Setting CVar [[r.SSGI.Quality:3]]
[2020.04.11-22.28.48:565][  0]LogConfig: Setting CVar [[r.EmitterSpawnRateScale:1.0]]
[2020.04.11-22.28.48:565][  0]LogConfig: Setting CVar [[r.ParticleLightQuality:2]]
[2020.04.11-22.28.48:565][  0]LogConfig: Setting CVar [[r.SkyAtmosphere.AerialPerspectiveLUT.FastApplyOnOpaque:1 ; Always have FastSkyLUT 1 in this case to avoid wrong sky]]
[2020.04.11-22.28.48:565][  0]LogConfig: Setting CVar [[r.SkyAtmosphere.AerialPerspectiveLUT.SampleCountPerSlice:1]]
[2020.04.11-22.28.48:565][  0]LogConfig: Setting CVar [[r.SkyAtmosphere.AerialPerspectiveLUT.DepthResolution:16.0]]
[2020.04.11-22.28.48:565][  0]LogConfig: Setting CVar [[r.SkyAtmosphere.FastSkyLUT:1]]
[2020.04.11-22.28.48:565][  0]LogConfig: Setting CVar [[r.SkyAtmosphere.FastSkyLUT.SampleCountMin:4.0]]
[2020.04.11-22.28.48:565][  0]LogConfig: Setting CVar [[r.SkyAtmosphere.FastSkyLUT.SampleCountMax:32.0]]
[2020.04.11-22.28.48:565][  0]LogConfig: Setting CVar [[r.SkyAtmosphere.SampleCountMin:4.0]]
[2020.04.11-22.28.48:565][  0]LogConfig: Setting CVar [[r.SkyAtmosphere.SampleCountMax:32.0]]
[2020.04.11-22.28.48:565][  0]LogConfig: Setting CVar [[r.SkyAtmosphere.TransmittanceLUT.UseSmallFormat:0]]
[2020.04.11-22.28.48:565][  0]LogConfig: Setting CVar [[r.SkyAtmosphere.TransmittanceLUT.SampleCount:10.0]]
[2020.04.11-22.28.48:565][  0]LogConfig: Setting CVar [[r.SkyAtmosphere.MultiScatteringLUT.SampleCount:15.0]]
[2020.04.11-22.28.48:565][  0]LogConfig: Applying CVar settings from Section [FoliageQuality@3] File [C:/Users/TheK-B1000/Desktop/The K-B Folder/Unreal/repos/MyGame/MoneyHeist/Saved/Config/Windows/Scalability.ini]
[2020.04.11-22.28.48:565][  0]LogConfig: Setting CVar [[foliage.DensityScale:1.0]]
[2020.04.11-22.28.48:565][  0]LogConfig: Setting CVar [[grass.DensityScale:1.0]]
[2020.04.11-22.28.48:565][  0]LogConfig: Applying CVar settings from Section [ShadingQuality@3] File [C:/Users/TheK-B1000/Desktop/The K-B Folder/Unreal/repos/MyGame/MoneyHeist/Saved/Config/Windows/Scalability.ini]
[2020.04.11-22.28.48:565][  0]LogConfig: Setting CVar [[r.HairStrands.SkyLighting.SampleCount:16]]
[2020.04.11-22.28.48:565][  0]LogConfig: Setting CVar [[r.HairStrands.SkyLighting.JitterIntegration:0]]
[2020.04.11-22.28.48:565][  0]LogConfig: Setting CVar [[r.HairStrands.SkyAO.SampleCount:16]]
[2020.04.11-22.28.48:565][  0]LogInit: Selected Device Profile: [Windows]
[2020.04.11-22.28.48:565][  0]LogInit: Applying CVar settings loaded from the selected device profile: [Windows]
[2020.04.11-22.28.48:569][  0]LogHAL: Display: Platform has ~ 8 GB [8462237696 / 8589934592 / 8], which maps to Default [LargestMinGB=32, LargerMinGB=12, DefaultMinGB=8, SmallerMinGB=6, SmallestMinGB=0)
[2020.04.11-22.28.48:569][  0]LogInit: Going up to parent DeviceProfile []
[2020.04.11-22.28.48:569][  0]LogConfig: Applying CVar settings from Section [ViewDistanceQuality@3] File [C:/Users/TheK-B1000/Desktop/The K-B Folder/Unreal/repos/MyGame/MoneyHeist/Saved/Config/Windows/Scalability.ini]
[2020.04.11-22.28.48:569][  0]LogConfig: Setting CVar [[r.SkeletalMeshLODBias:0]]
[2020.04.11-22.28.48:569][  0]LogConfig: Setting CVar [[r.ViewDistanceScale:1.0]]
[2020.04.11-22.28.48:569][  0]LogConfig: Applying CVar settings from Section [AntiAliasingQuality@3] File [C:/Users/TheK-B1000/Desktop/The K-B Folder/Unreal/repos/MyGame/MoneyHeist/Saved/Config/Windows/Scalability.ini]
[2020.04.11-22.28.48:569][  0]LogConfig: Setting CVar [[r.PostProcessAAQuality:4]]
[2020.04.11-22.28.48:569][  0]LogConfig: Applying CVar settings from Section [ShadowQuality@3] File [C:/Users/TheK-B1000/Desktop/The K-B Folder/Unreal/repos/MyGame/MoneyHeist/Saved/Config/Windows/Scalability.ini]
[2020.04.11-22.28.48:569][  0]LogConfig: Setting CVar [[r.LightFunctionQuality:1]]
[2020.04.11-22.28.48:569][  0]LogConfig: Setting CVar [[r.ShadowQuality:5]]
[2020.04.11-22.28.48:569][  0]LogConfig: Setting CVar [[r.Shadow.CSM.MaxCascades:10]]
[2020.04.11-22.28.48:569][  0]LogConfig: Setting CVar [[r.Shadow.MaxResolution:2048]]
[2020.04.11-22.28.48:569][  0]LogConfig: Setting CVar [[r.Shadow.MaxCSMResolution:2048]]
[2020.04.11-22.28.48:569][  0]LogConfig: Setting CVar [[r.Shadow.RadiusThreshold:0.01]]
[2020.04.11-22.28.48:569][  0]LogConfig: Setting CVar [[r.Shadow.DistanceScale:1.0]]
[2020.04.11-22.28.48:569][  0]LogConfig: Setting CVar [[r.Shadow.CSM.TransitionScale:1.0]]
[2020.04.11-22.28.48:569][  0]LogConfig: Setting CVar [[r.Shadow.PreShadowResolutionFactor:1.0]]
[2020.04.11-22.28.48:569][  0]LogConfig: Setting CVar [[r.DistanceFieldShadowing:1]]
[2020.04.11-22.28.48:569][  0]LogConfig: Setting CVar [[r.DistanceFieldAO:1]]
[2020.04.11-22.28.48:569][  0]LogConfig: Setting CVar [[r.AOQuality:2]]
[2020.04.11-22.28.48:569][  0]LogConfig: Setting CVar [[r.VolumetricFog:1]]
[2020.04.11-22.28.48:569][  0]LogConfig: Setting CVar [[r.VolumetricFog.GridPixelSize:8]]
[2020.04.11-22.28.48:569][  0]LogConfig: Setting CVar [[r.VolumetricFog.GridSizeZ:128]]
[2020.04.11-22.28.48:569][  0]LogConfig: Setting CVar [[r.VolumetricFog.HistoryMissSupersampleCount:4]]
[2020.04.11-22.28.48:569][  0]LogConfig: Setting CVar [[r.LightMaxDrawDistanceScale:1]]
[2020.04.11-22.28.48:569][  0]LogConfig: Setting CVar [[r.CapsuleShadows:1]]
[2020.04.11-22.28.48:569][  0]LogConfig: Applying CVar settings from Section [PostProcessQuality@3] File [C:/Users/TheK-B1000/Desktop/The K-B Folder/Unreal/repos/MyGame/MoneyHeist/Saved/Config/Windows/Scalability.ini]
[2020.04.11-22.28.48:569][  0]LogConfig: Setting CVar [[r.MotionBlurQuality:4]]
[2020.04.11-22.28.48:569][  0]LogConfig: Setting CVar [[r.AmbientOcclusionMipLevelFactor:0.4]]
[2020.04.11-22.28.48:569][  0]LogConfig: Setting CVar [[r.AmbientOcclusionMaxQuality:100]]
[2020.04.11-22.28.48:569][  0]LogConfig: Setting CVar [[r.AmbientOcclusionLevels:-1]]
[2020.04.11-22.28.48:569][  0]LogConfig: Setting CVar [[r.AmbientOcclusionRadiusScale:1.0]]
[2020.04.11-22.28.48:569][  0]LogConfig: Setting CVar [[r.DepthOfFieldQuality:2]]
[2020.04.11-22.28.48:569][  0]LogConfig: Setting CVar [[r.RenderTargetPoolMin:400]]
[2020.04.11-22.28.48:569][  0]LogConfig: Setting CVar [[r.LensFlareQuality:2]]
[2020.04.11-22.28.48:569][  0]LogConfig: Setting CVar [[r.SceneColorFringeQuality:1]]
[2020.04.11-22.28.48:569][  0]LogConfig: Setting CVar [[r.EyeAdaptationQuality:2]]
[2020.04.11-22.28.48:569][  0]LogConfig: Setting CVar [[r.BloomQuality:5]]
[2020.04.11-22.28.48:569][  0]LogConfig: Setting CVar [[r.FastBlurThreshold:100]]
[2020.04.11-22.28.48:569][  0]LogConfig: Setting CVar [[r.Upscale.Quality:3]]
[2020.04.11-22.28.48:570][  0]LogConfig: Setting CVar [[r.Tonemapper.GrainQuantization:1]]
[2020.04.11-22.28.48:570][  0]LogConfig: Setting CVar [[r.LightShaftQuality:1]]
[2020.04.11-22.28.48:570][  0]LogConfig: Setting CVar [[r.Filter.SizeScale:1]]
[2020.04.11-22.28.48:570][  0]LogConfig: Setting CVar [[r.Tonemapper.Quality:5]]
[2020.04.11-22.28.48:570][  0]LogConfig: Setting CVar [[r.DOF.Gather.AccumulatorQuality:1        ; higher gathering accumulator quality]]
[2020.04.11-22.28.48:570][  0]LogConfig: Setting CVar [[r.DOF.Gather.PostfilterMethod:1          ; Median3x3 postfilering method]]
[2020.04.11-22.28.48:570][  0]LogConfig: Setting CVar [[r.DOF.Gather.EnableBokehSettings:0       ; no bokeh simulation when gathering]]
[2020.04.11-22.28.48:570][  0]LogConfig: Setting CVar [[r.DOF.Gather.RingCount:4                 ; medium number of samples when gathering]]
[2020.04.11-22.28.48:570][  0]LogConfig: Setting CVar [[r.DOF.Scatter.ForegroundCompositing:1    ; additive foreground scattering]]
[2020.04.11-22.28.48:570][  0]LogConfig: Setting CVar [[r.DOF.Scatter.BackgroundCompositing:2    ; additive background scattering]]
[2020.04.11-22.28.48:570][  0]LogConfig: Setting CVar [[r.DOF.Scatter.EnableBokehSettings:1      ; bokeh simulation when scattering]]
[2020.04.11-22.28.48:570][  0]LogConfig: Setting CVar [[r.DOF.Scatter.MaxSpriteRatio:0.1         ; only a maximum of 10% of scattered bokeh]]
[2020.04.11-22.28.48:570][  0]LogConfig: Setting CVar [[r.DOF.Recombine.Quality:1                ; cheap slight out of focus]]
[2020.04.11-22.28.48:570][  0]LogConfig: Setting CVar [[r.DOF.Recombine.EnableBokehSettings:0    ; no bokeh simulation on slight out of focus]]
[2020.04.11-22.28.48:570][  0]LogConfig: Setting CVar [[r.DOF.TemporalAAQuality:1                ; more stable temporal accumulation]]
[2020.04.11-22.28.48:570][  0]LogConfig: Setting CVar [[r.DOF.Kernel.MaxForegroundRadius:0.025]]
[2020.04.11-22.28.48:570][  0]LogConfig: Setting CVar [[r.DOF.Kernel.MaxBackgroundRadius:0.025]]
[2020.04.11-22.28.48:570][  0]LogConfig: Applying CVar settings from Section [TextureQuality@3] File [C:/Users/TheK-B1000/Desktop/The K-B Folder/Unreal/repos/MyGame/MoneyHeist/Saved/Config/Windows/Scalability.ini]
[2020.04.11-22.28.48:570][  0]LogConfig: Setting CVar [[r.Streaming.MipBias:0]]
[2020.04.11-22.28.48:570][  0]LogConfig: Setting CVar [[r.Streaming.AmortizeCPUToGPUCopy:0]]
[2020.04.11-22.28.48:570][  0]LogConfig: Setting CVar [[r.Streaming.MaxNumTexturesToStreamPerFrame:0]]
[2020.04.11-22.28.48:570][  0]LogConfig: Setting CVar [[r.Streaming.Boost:1]]
[2020.04.11-22.28.48:570][  0]LogConfig: Setting CVar [[r.MaxAnisotropy:8]]
[2020.04.11-22.28.48:570][  0]LogConfig: Setting CVar [[r.VT.MaxAnisotropy:8]]
[2020.04.11-22.28.48:570][  0]LogConfig: Setting CVar [[r.Streaming.LimitPoolSizeToVRAM:0]]
[2020.04.11-22.28.48:570][  0]LogConfig: Setting CVar [[r.Streaming.PoolSize:1000]]
[2020.04.11-22.28.48:570][  0]LogConfig: Setting CVar [[r.Streaming.MaxEffectiveScreenSize:0]]
[2020.04.11-22.28.48:570][  0]LogConfig: Applying CVar settings from Section [EffectsQuality@3] File [C:/Users/TheK-B1000/Desktop/The K-B Folder/Unreal/repos/MyGame/MoneyHeist/Saved/Config/Windows/Scalability.ini]
[2020.04.11-22.28.48:570][  0]LogConfig: Setting CVar [[r.TranslucencyLightingVolumeDim:64]]
[2020.04.11-22.28.48:570][  0]LogConfig: Setting CVar [[r.RefractionQuality:2]]
[2020.04.11-22.28.48:570][  0]LogConfig: Setting CVar [[r.SSR.Quality:3]]
[2020.04.11-22.28.48:570][  0]LogConfig: Setting CVar [[r.SSR.HalfResSceneColor:0]]
[2020.04.11-22.28.48:570][  0]LogConfig: Setting CVar [[r.SceneColorFormat:4]]
[2020.04.11-22.28.48:570][  0]LogConfig: Setting CVar [[r.DetailMode:2]]
[2020.04.11-22.28.48:570][  0]LogConfig: Setting CVar [[r.TranslucencyVolumeBlur:1]]
[2020.04.11-22.28.48:570][  0]LogConfig: Setting CVar [[r.MaterialQualityLevel:1 ; High quality]]
[2020.04.11-22.28.48:570][  0]LogConfig: Setting CVar [[r.SSS.Scale:1]]
[2020.04.11-22.28.48:570][  0]LogConfig: Setting CVar [[r.SSS.SampleSet:2]]
[2020.04.11-22.28.48:570][  0]LogConfig: Setting CVar [[r.SSS.Quality:1]]
[2020.04.11-22.28.48:570][  0]LogConfig: Setting CVar [[r.SSS.HalfRes:1]]
[2020.04.11-22.28.48:570][  0]LogConfig: Setting CVar [[r.SSGI.Quality:3]]
[2020.04.11-22.28.48:570][  0]LogConfig: Setting CVar [[r.EmitterSpawnRateScale:1.0]]
[2020.04.11-22.28.48:570][  0]LogConfig: Setting CVar [[r.ParticleLightQuality:2]]
[2020.04.11-22.28.48:570][  0]LogConfig: Setting CVar [[r.SkyAtmosphere.AerialPerspectiveLUT.FastApplyOnOpaque:1 ; Always have FastSkyLUT 1 in this case to avoid wrong sky]]
[2020.04.11-22.28.48:570][  0]LogConfig: Setting CVar [[r.SkyAtmosphere.AerialPerspectiveLUT.SampleCountPerSlice:1]]
[2020.04.11-22.28.48:570][  0]LogConfig: Setting CVar [[r.SkyAtmosphere.AerialPerspectiveLUT.DepthResolution:16.0]]
[2020.04.11-22.28.48:570][  0]LogConfig: Setting CVar [[r.SkyAtmosphere.FastSkyLUT:1]]
[2020.04.11-22.28.48:570][  0]LogConfig: Setting CVar [[r.SkyAtmosphere.FastSkyLUT.SampleCountMin:4.0]]
[2020.04.11-22.28.48:570][  0]LogConfig: Setting CVar [[r.SkyAtmosphere.FastSkyLUT.SampleCountMax:32.0]]
[2020.04.11-22.28.48:570][  0]LogConfig: Setting CVar [[r.SkyAtmosphere.SampleCountMin:4.0]]
[2020.04.11-22.28.48:570][  0]LogConfig: Setting CVar [[r.SkyAtmosphere.SampleCountMax:32.0]]
[2020.04.11-22.28.48:570][  0]LogConfig: Setting CVar [[r.SkyAtmosphere.TransmittanceLUT.UseSmallFormat:0]]
[2020.04.11-22.28.48:570][  0]LogConfig: Setting CVar [[r.SkyAtmosphere.TransmittanceLUT.SampleCount:10.0]]
[2020.04.11-22.28.48:570][  0]LogConfig: Setting CVar [[r.SkyAtmosphere.MultiScatteringLUT.SampleCount:15.0]]
[2020.04.11-22.28.48:570][  0]LogConfig: Applying CVar settings from Section [FoliageQuality@3] File [C:/Users/TheK-B1000/Desktop/The K-B Folder/Unreal/repos/MyGame/MoneyHeist/Saved/Config/Windows/Scalability.ini]
[2020.04.11-22.28.48:570][  0]LogConfig: Setting CVar [[foliage.DensityScale:1.0]]
[2020.04.11-22.28.48:570][  0]LogConfig: Setting CVar [[grass.DensityScale:1.0]]
[2020.04.11-22.28.48:571][  0]LogConfig: Applying CVar settings from Section [ShadingQuality@3] File [C:/Users/TheK-B1000/Desktop/The K-B Folder/Unreal/repos/MyGame/MoneyHeist/Saved/Config/Windows/Scalability.ini]
[2020.04.11-22.28.48:571][  0]LogConfig: Setting CVar [[r.HairStrands.SkyLighting.SampleCount:16]]
[2020.04.11-22.28.48:571][  0]LogConfig: Setting CVar [[r.HairStrands.SkyLighting.JitterIntegration:0]]
[2020.04.11-22.28.48:571][  0]LogConfig: Setting CVar [[r.HairStrands.SkyAO.SampleCount:16]]
[2020.04.11-22.28.48:571][  0]LogConfig: Applying CVar settings from Section [Startup] File [../../../Engine/Config/ConsoleVariables.ini]
[2020.04.11-22.28.48:571][  0]LogConfig: Setting CVar [[net.UseAdaptiveNetUpdateFrequency:0]]
[2020.04.11-22.28.48:571][  0]LogConfig: Setting CVar [[p.chaos.AllowCreatePhysxBodies:1]]
[2020.04.11-22.28.48:571][  0]LogConfig: Applying CVar settings from Section [ConsoleVariables] File [C:/Users/TheK-B1000/Desktop/The K-B Folder/Unreal/repos/MyGame/MoneyHeist/Saved/Config/Windows/Engine.ini]
[2020.04.11-22.28.48:571][  0]LogInit: Computer: LAPTOP-7TARG8CR
[2020.04.11-22.28.48:571][  0]LogInit: User: TheKB1000
[2020.04.11-22.28.48:571][  0]LogInit: CPU Page size=4096, Cores=4
[2020.04.11-22.28.48:571][  0]LogInit: High frequency timer resolution =10.000000 MHz
[2020.04.11-22.28.48:571][  0]LogMemory: Memory total: Physical=7.9GB (8GB approx)
[2020.04.11-22.28.48:571][  0]LogMemory: Platform Memory Stats for Windows
[2020.04.11-22.28.48:571][  0]LogMemory: Process Physical Memory: 105.09 MB used, 105.09 MB peak
[2020.04.11-22.28.48:571][  0]LogMemory: Process Virtual Memory: 99.83 MB used, 99.83 MB peak
[2020.04.11-22.28.48:571][  0]LogMemory: Physical Memory: 5892.45 MB used,  2177.77 MB free, 8070.22 MB total
[2020.04.11-22.28.48:571][  0]LogMemory: Virtual Memory: 5121.11 MB used,  134212608.00 MB free, 134217728.00 MB total
[2020.04.11-22.28.48:577][  0]LogWindows: WindowsPlatformFeatures enabled
[2020.04.11-22.28.48:639][  0]LogInit: Using OS detected language (en-US).
[2020.04.11-22.28.48:639][  0]LogInit: Using OS detected locale (en-US).
[2020.04.11-22.28.48:640][  0]LogTextLocalizationManager: No specific localization for 'en-US' exists, so the 'en' localization will be used.
[2020.04.11-22.28.48:846][  0]LogInit: Setting process to per monitor DPI aware
[2020.04.11-22.28.48:891][  0]LogSlate: New Slate User Created.  User Index 0, Is Virtual User: 0
[2020.04.11-22.28.48:891][  0]LogSlate: Slate User Registered.  User Index 0, Is Virtual User: 0
[2020.04.11-22.28.49:102][  0]LogHMD: Failed to initialize OpenVR with code 110
[2020.04.11-22.28.49:102][  0]LogD3D11RHI: D3D11 min allowed feature level: 11_0
[2020.04.11-22.28.49:102][  0]LogD3D11RHI: D3D11 max allowed feature level: 11_0
[2020.04.11-22.28.49:102][  0]LogD3D11RHI: D3D11 adapters:
[2020.04.11-22.28.49:187][  0]LogD3D11RHI:    0. 'NVIDIA GeForce GTX 960M' (Feature Level 11_0)
[2020.04.11-22.28.49:187][  0]LogD3D11RHI:       4055/0/4035 MB DedicatedVideo/DedicatedSystem/SharedSystem, Outputs:1, VendorId:0x10de
[2020.04.11-22.28.49:204][  0]LogD3D11RHI:    1. 'Intel(R) HD Graphics 530' (Feature Level 11_0)
[2020.04.11-22.28.49:204][  0]LogD3D11RHI:       128/0/4035 MB DedicatedVideo/DedicatedSystem/SharedSystem, Outputs:0, VendorId:0x8086
[2020.04.11-22.28.49:209][  0]LogD3D11RHI:    2. 'Microsoft Basic Render Driver' (Feature Level 11_0)
[2020.04.11-22.28.49:209][  0]LogD3D11RHI:       0/0/4035 MB DedicatedVideo/DedicatedSystem/SharedSystem, Outputs:0, VendorId:0x1414
[2020.04.11-22.28.49:209][  0]LogD3D11RHI: Chosen D3D11 Adapter: 0
[2020.04.11-22.28.49:270][  0]LogD3D11RHI: Creating new Direct3DDevice
[2020.04.11-22.28.49:270][  0]LogD3D11RHI:     GPU DeviceId: 0x139b (for the marketing name, search the web for "GPU Device Id")
[2020.04.11-22.28.49:270][  0]LogWindows: EnumDisplayDevices:
[2020.04.11-22.28.49:271][  0]LogWindows:    0. 'Intel(R) HD Graphics 530' (P:1 D:1)
[2020.04.11-22.28.49:271][  0]LogWindows:    1. 'Intel(R) HD Graphics 530' (P:0 D:0)
[2020.04.11-22.28.49:272][  0]LogWindows:    2. 'Intel(R) HD Graphics 530' (P:0 D:0)
[2020.04.11-22.28.49:272][  0]LogWindows: DebugString: PrimaryIsNotTheChoosenAdapter PrimaryIsNotTheChoosenAdapter PrimaryIsNotTheChoosenAdapter FoundDriverCount:0 
[2020.04.11-22.28.49:272][  0]LogD3D11RHI:     Adapter Name: NVIDIA GeForce GTX 960M
[2020.04.11-22.28.49:272][  0]LogD3D11RHI:   Driver Version: Unknown (internal:Unknown, unified:Unknown)
[2020.04.11-22.28.49:272][  0]LogD3D11RHI:      Driver Date: Unknown
[2020.04.11-22.28.49:272][  0]LogRHI: Texture pool is 2839 MB (70% of 4055 MB)
[2020.04.11-22.28.49:331][  0]LogD3D11RHI: RHI has support for 64 bit atomics
[2020.04.11-22.28.49:331][  0]LogD3D11RHI: Async texture creation enabled
[2020.04.11-22.28.49:351][  0]LogD3D11RHI: GPU Timing Frequency: 1000.000000 (Debug: 2 2)
[2020.04.11-22.28.50:041][  0]LogTargetPlatformManager: Display: Loaded TargetPlatform 'AllDesktop'
[2020.04.11-22.28.50:092][  0]LogTargetPlatformManager: Display: Loaded TargetPlatform 'Android'
[2020.04.11-22.28.50:092][  0]LogTargetPlatformManager: Display: Loaded TargetPlatform 'Android_ASTC'
[2020.04.11-22.28.50:092][  0]LogTargetPlatformManager: Display: Loaded TargetPlatform 'Android_ATC'
[2020.04.11-22.28.50:092][  0]LogTargetPlatformManager: Display: Loaded TargetPlatform 'Android_DXT'
[2020.04.11-22.28.50:092][  0]LogTargetPlatformManager: Display: Loaded TargetPlatform 'Android_ETC1'
[2020.04.11-22.28.50:092][  0]LogTargetPlatformManager: Display: Loaded TargetPlatform 'Android_ETC1a'
[2020.04.11-22.28.50:092][  0]LogTargetPlatformManager: Display: Loaded TargetPlatform 'Android_ETC2'
[2020.04.11-22.28.50:092][  0]LogTargetPlatformManager: Display: Loaded TargetPlatform 'Android_PVRTC'
[2020.04.11-22.28.50:092][  0]LogTargetPlatformManager: Display: Loaded TargetPlatform 'AndroidClient'
[2020.04.11-22.28.50:092][  0]LogTargetPlatformManager: Display: Loaded TargetPlatform 'Android_ASTCClient'
[2020.04.11-22.28.50:092][  0]LogTargetPlatformManager: Display: Loaded TargetPlatform 'Android_ATCClient'
[2020.04.11-22.28.50:092][  0]LogTargetPlatformManager: Display: Loaded TargetPlatform 'Android_DXTClient'
[2020.04.11-22.28.50:092][  0]LogTargetPlatformManager: Display: Loaded TargetPlatform 'Android_ETC1Client'
[2020.04.11-22.28.50:092][  0]LogTargetPlatformManager: Display: Loaded TargetPlatform 'Android_ETC1aClient'
[2020.04.11-22.28.50:092][  0]LogTargetPlatformManager: Display: Loaded TargetPlatform 'Android_ETC2Client'
[2020.04.11-22.28.50:092][  0]LogTargetPlatformManager: Display: Loaded TargetPlatform 'Android_PVRTCClient'
[2020.04.11-22.28.50:092][  0]LogTargetPlatformManager: Display: Loaded TargetPlatform 'Android_Multi'
[2020.04.11-22.28.50:092][  0]LogTargetPlatformManager: Display: Loaded TargetPlatform 'Android_MultiClient'
[2020.04.11-22.28.50:136][  0]LogTargetPlatformManager: Display: Loaded TargetPlatform 'IOSClient'
[2020.04.11-22.28.50:136][  0]LogTargetPlatformManager: Display: Loaded TargetPlatform 'IOS'
[2020.04.11-22.28.50:148][  0]LogTargetPlatformManager: Display: Loaded TargetPlatform 'LinuxNoEditor'
[2020.04.11-22.28.50:160][  0]LogTargetPlatformManager: Display: Loaded TargetPlatform 'LinuxClient'
[2020.04.11-22.28.50:173][  0]LogTargetPlatformManager: Display: Loaded TargetPlatform 'LinuxServer'
[2020.04.11-22.28.50:187][  0]LogTargetPlatformManager: Display: Loaded TargetPlatform 'LinuxAArch64NoEditor'
[2020.04.11-22.28.50:198][  0]LogTargetPlatformManager: Display: Loaded TargetPlatform 'LinuxAArch64Client'
[2020.04.11-22.28.50:211][  0]LogTargetPlatformManager: Display: Loaded TargetPlatform 'LinuxAArch64Server'
[2020.04.11-22.28.50:246][  0]LogTargetPlatformManager: Display: Loaded TargetPlatform 'Lumin'
[2020.04.11-22.28.50:246][  0]LogTargetPlatformManager: Display: Loaded TargetPlatform 'LuminClient'
[2020.04.11-22.28.50:268][  0]LogTargetPlatformManager: Display: Loaded TargetPlatform 'TVOSClient'
[2020.04.11-22.28.50:268][  0]LogTargetPlatformManager: Display: Loaded TargetPlatform 'TVOS'
[2020.04.11-22.28.50:282][  0]LogTargetPlatformManager: Display: Loaded TargetPlatform 'WindowsNoEditor'
[2020.04.11-22.28.50:296][  0]LogTargetPlatformManager: Display: Loaded TargetPlatform 'Windows'
[2020.04.11-22.28.50:310][  0]LogTargetPlatformManager: Display: Loaded TargetPlatform 'WindowsClient'
[2020.04.11-22.28.50:328][  0]LogTargetPlatformManager: Display: Loaded TargetPlatform 'WindowsServer'
[2020.04.11-22.28.50:328][  0]LogTargetPlatformManager: Display: Building Assets For Windows
[2020.04.11-22.28.50:341][  0]LogAudioDebug: Display: Lib vorbis DLL was dynamically loaded.
[2020.04.11-22.28.50:436][  0]LogShaderCompilers: Guid format shader working directory is -38 characters bigger than the processId version (../../../../../../Users/TheK-B1000/Desktop/The K-B Folder/Unreal/repos/MyGame/MoneyHeist/Intermediate/Shaders/WorkingDirectory/24804/).
[2020.04.11-22.28.50:437][  0]LogShaderCompilers: Cleaned the shader compiler working directory 'C:/Users/TheK-B1000/AppData/Local/Temp/UnrealShaderWorkingDir/86E36FE64962F98804D966923BB1779A/'.
[2020.04.11-22.28.50:437][  0]LogXGEController: Cannot use XGE Controller as Incredibuild is not installed on this machine.
[2020.04.11-22.28.50:438][  0]LogShaderCompilers: Cannot use XGE Shader Compiler as Incredibuild is not installed on this machine.
[2020.04.11-22.28.50:438][  0]LogShaderCompilers: Display: Using Local Shader Compiler.
[2020.04.11-22.28.51:332][  0]LogDerivedDataCache: Display: Max Cache Size: 512 MB
[2020.04.11-22.28.51:413][  0]LogDerivedDataCache: Loaded boot cache 0.08s 78MB C:/Users/TheK-B1000/AppData/Local/UnrealEngine/4.24/DerivedDataCache/Boot.ddc.
[2020.04.11-22.28.51:413][  0]LogDerivedDataCache: Display: Loaded Boot cache: C:/Users/TheK-B1000/AppData/Local/UnrealEngine/4.24/DerivedDataCache/Boot.ddc
[2020.04.11-22.28.51:413][  0]LogDerivedDataCache: FDerivedDataBackendGraph:  Pak pak cache file ../../../../../../Users/TheK-B1000/Desktop/The K-B Folder/Unreal/repos/MyGame/MoneyHeist/DerivedDataCache/DDC.ddp not found, will not use a pak cache.
[2020.04.11-22.28.51:413][  0]LogDerivedDataCache: Unable to find inner node Pak for hierarchical cache Hierarchy.
[2020.04.11-22.28.51:413][  0]LogDerivedDataCache: FDerivedDataBackendGraph:  CompressedPak pak cache file ../../../../../../Users/TheK-B1000/Desktop/The K-B Folder/Unreal/repos/MyGame/MoneyHeist/DerivedDataCache/Compressed.ddp not found, will not use a pak cache.
[2020.04.11-22.28.51:413][  0]LogDerivedDataCache: Unable to find inner node CompressedPak for hierarchical cache Hierarchy.
[2020.04.11-22.28.51:427][  0]LogDerivedDataCache: Display: Pak cache opened for reading ../../../Engine/DerivedDataCache/Compressed.ddp.
[2020.04.11-22.28.51:427][  0]LogDerivedDataCache: FDerivedDataBackendGraph:  EnterprisePak pak cache file ../../../Enterprise/DerivedDataCache/Compressed.ddp not found, will not use a pak cache.
[2020.04.11-22.28.51:427][  0]LogDerivedDataCache: Unable to find inner node EnterprisePak for hierarchical cache Hierarchy.
[2020.04.11-22.28.51:429][  0]LogDerivedDataCache: Using Local data cache path C:/Users/TheK-B1000/AppData/Local/UnrealEngine/Common/DerivedDataCache: Writable
[2020.04.11-22.28.51:429][  0]LogDerivedDataCache: Shared data cache path not found in *engine.ini, will not use an Shared cache.
[2020.04.11-22.28.51:429][  0]LogDerivedDataCache: Unable to find inner node Shared for hierarchical cache Hierarchy.
[2020.04.11-22.28.51:463][  0]LogMaterial: Verifying Global Shaders for PCD3D_SM5
[2020.04.11-22.28.51:466][  0]LogSlate: Using FreeType 2.10.0
[2020.04.11-22.28.51:466][  0]LogSlate: SlateFontServices - WITH_FREETYPE: 1, WITH_HARFBUZZ: 1
[2020.04.11-22.28.51:552][  0]LogAssetRegistry: FAssetRegistry took 0.0126 seconds to start up
[2020.04.11-22.28.51:923][  0]LogInit: Selected Device Profile: [Windows]
[2020.04.11-22.28.52:128][  0]LogMeshReduction: Using QuadricMeshReduction for automatic static mesh reduction
[2020.04.11-22.28.52:129][  0]LogMeshReduction: Using SimplygonMeshReduction for automatic skeletal mesh reduction
[2020.04.11-22.28.52:129][  0]LogMeshReduction: Using ProxyLODMeshReduction for automatic mesh merging
[2020.04.11-22.28.52:129][  0]LogMeshReduction: No distributed automatic mesh merging module available
[2020.04.11-22.28.52:129][  0]LogMeshMerging: No distributed automatic mesh merging module available
[2020.04.11-22.28.52:143][  0]LogNetVersion: MoneyHeist 1.0.0, NetCL: 10570792, EngineNetVer: 13, GameNetVer: 0 (Checksum: 995432495)
[2020.04.11-22.28.53:432][  0]LogPackageLocalizationCache: Processed 10 localized package path(s) for 1 prioritized culture(s) in 0.051596 seconds
[2020.04.11-22.28.53:440][  0]LogUObjectArray: 46750 objects as part of root set at end of initial load.
[2020.04.11-22.28.53:440][  0]LogUObjectAllocator: 8137160 out of 0 bytes used by permanent object pool.
[2020.04.11-22.28.53:440][  0]LogUObjectArray: CloseDisregardForGC: 0/0 objects in disregard for GC pool
[2020.04.11-22.28.54:023][  0]LogTcpMessaging: Initializing TcpMessaging bridge
[2020.04.11-22.28.54:028][  0]LogUdpMessaging: Initializing bridge on interface 0.0.0.0:0 to multicast group 230.0.0.1:6666.
[2020.04.11-22.28.54:126][  0]SourceControl: Source control is disabled
[2020.04.11-22.28.54:126][  0]SourceControl: Source control is disabled
[2020.04.11-22.28.54:130][  0]SourceControl: Source control is disabled
[2020.04.11-22.28.54:133][  0]SourceControl: Source control is disabled
[2020.04.11-22.28.54:136][  0]SourceControl: Source control is disabled
[2020.04.11-22.28.54:292][  0]LogAndroidPermission: UAndroidPermissionCallbackProxy::GetInstance
[2020.04.11-22.28.54:314][  0]LogAudioCaptureCore: Display: No Audio Capture implementations found. Audio input will be silent.
[2020.04.11-22.28.54:314][  0]LogAudioCaptureCore: Display: No Audio Capture implementations found. Audio input will be silent.
[2020.04.11-22.28.54:437][  0]LogOcInput: OculusInput pre-init called
[2020.04.11-22.28.54:452][  0]LogWindows: Failed to load 'OVRPlugin.dll' (GetLastError=126)
[2020.04.11-22.28.54:452][  0]LogWindows: File 'OVRPlugin.dll' does not exist
[2020.04.11-22.28.54:548][  0]LogEngine: Initializing Engine...
[2020.04.11-22.28.54:550][  0]LogHMD: Failed to initialize OpenVR with code 110
[2020.04.11-22.28.54:551][  0]LogStats: UGameplayTagsManager::InitializeManager -  0.000 s
[2020.04.11-22.28.55:074][  0]LogInit: Initializing FReadOnlyCVARCache
[2020.04.11-22.28.55:088][  0]LogAIModule: Creating AISystem for world Untitled
[2020.04.11-22.28.55:125][  0]LogAudioMixer: Display: Audio Mixer Platform Settings:
[2020.04.11-22.28.55:125][  0]LogAudioMixer: Display: 	Sample Rate:						  48000
[2020.04.11-22.28.55:125][  0]LogAudioMixer: Display: 	Callback Buffer Frame Size Requested: 1024
[2020.04.11-22.28.55:125][  0]LogAudioMixer: Display: 	Callback Buffer Frame Size To Use:	  1024
[2020.04.11-22.28.55:125][  0]LogAudioMixer: Display: 	Number of buffers to queue:			  2
[2020.04.11-22.28.55:125][  0]LogAudioMixer: Display: 	Max Channels (voices):				  32
[2020.04.11-22.28.55:125][  0]LogAudioMixer: Display: 	Number of Async Source Workers:		  0
[2020.04.11-22.28.55:125][  0]LogAudio: Display: AudioDevice MaxSources: 32
[2020.04.11-22.28.55:125][  0]LogAudio: Display: Using built-in audio occlusion.
[2020.04.11-22.28.55:125][  0]LogAudioMixer: Display: Initializing audio mixer.
[2020.04.11-22.28.55:176][  0]LogAudioMixer: Display: Audio Device Output Speaker Info:
[2020.04.11-22.28.55:176][  0]LogAudioMixer: Display: Name: Speakers (Realtek High Definition Audio)
[2020.04.11-22.28.55:176][  0]LogAudioMixer: Display: Is Default: Yes
[2020.04.11-22.28.55:176][  0]LogAudioMixer: Display: Sample Rate: 48000
[2020.04.11-22.28.55:176][  0]LogAudioMixer: Display: Channel Count Used: 2
[2020.04.11-22.28.55:176][  0]LogAudioMixer: Display: Device Channel Count: 2
[2020.04.11-22.28.55:176][  0]LogAudioMixer: Display: Channel Order:
[2020.04.11-22.28.55:176][  0]LogAudioMixer: Display: 0: FrontLeft
[2020.04.11-22.28.55:176][  0]LogAudioMixer: Display: 1: FrontRight
[2020.04.11-22.28.55:763][  0]LogAudioMixer: Display: Using Audio Device Speakers (Realtek High Definition Audio)
[2020.04.11-22.28.55:773][  0]LogInit: FAudioDevice initialized.
[2020.04.11-22.28.55:773][  0]LogNetVersion: Set ProjectVersion to 1.0.0.0. Version Checksum will be recalculated on next use.
[2020.04.11-22.28.55:985][  0]LogDerivedDataCache: Saved boot cache 0.21s 78MB C:/Users/TheK-B1000/AppData/Local/UnrealEngine/4.24/DerivedDataCache/Boot.ddc.
[2020.04.11-22.28.55:986][  0]LogInit: Texture streaming: Enabled
[2020.04.11-22.28.56:004][  0]LogEngineSessionManager: EngineSessionManager initialized
[2020.04.11-22.28.56:004][  0]LogEditorSessionSummary: Verbose: Initializing EditorSessionSummaryWriter for editor session tracking
[2020.04.11-22.28.56:013][  0]LogEditorSessionSummary: EditorSessionSummaryWriter initialized
[2020.04.11-22.28.56:057][  0]LogInit: Transaction tracking system initialized
[2020.04.11-22.28.56:079][  0]BlueprintLog: New page: Editor Load
[2020.04.11-22.28.56:147][  0]LocalizationService: Localization service is disabled
[2020.04.11-22.28.56:212][  0]LogLinker: Warning: Failed to load '/Game/CloseCombat/CloseCombat_Greeting_Tutorial': Can't find file.
[2020.04.11-22.28.56:213][  0]LogLinker: Warning: Failed to load '/Game/CloseCombat/CloseCombat_Greeting_Tutorial': Can't find file.
[2020.04.11-22.28.56:213][  0]LogUObjectGlobals: Warning: Failed to find object 'Class /Game/CloseCombat/CloseCombat_Greeting_Tutorial.CloseCombat_Greeting_Tutorial_C'
[2020.04.11-22.28.56:526][  0]LogFileCache: Scanning file cache for directory 'C:/Users/TheK-B1000/Desktop/The K-B Folder/Unreal/repos/MyGame/MoneyHeist/Content/' took 0.01s
[2020.04.11-22.28.56:526][  0]LogCook: Display: Max memory allowance for cook 16384mb min free memory 0mb
[2020.04.11-22.28.56:526][  0]LogCook: Display: Mobile HDR setting 1
[2020.04.11-22.28.57:470][  0]SourceControl: Source control is disabled
[2020.04.11-22.28.57:471][  0]Cmd: MAP LOAD FILE="../../../Engine/Content/Maps/Templates/Template_Default.umap" TEMPLATE=1 SHOWPROGRESS=1 FEATURELEVEL=3
[2020.04.11-22.28.57:471][  0]LightingResults: New page: Lighting Build
[2020.04.11-22.28.57:472][  0]LogWorld: UWorld::CleanupWorld for Untitled, bSessionEnded=true, bCleanupResources=true
[2020.04.11-22.28.57:472][  0]LogSlate: InvalidateAllWidgets triggered.  All widgets were invalidated
[2020.04.11-22.28.57:472][  0]MapCheck: New page: Map Check
[2020.04.11-22.28.57:472][  0]LightingResults: New page: Lighting Build
[2020.04.11-22.28.57:501][  0]LogUObjectHash: Compacting FUObjectHashTables data took   2.55ms
[2020.04.11-22.28.57:633][  0]LogAIModule: Creating AISystem for world Untitled_1
[2020.04.11-22.28.57:642][  0]LogEditorServer: Finished looking for orphan Actors (0.000 secs)
[2020.04.11-22.28.57:694][  0]LogUObjectHash: Compacting FUObjectHashTables data took   2.98ms
[2020.04.11-22.28.57:695][  0]Cmd: MAP CHECKDEP NOCLEARLOG
[2020.04.11-22.28.57:695][  0]MapCheck: Map check complete: 0 Error(s), 0 Warning(s), took 0.221ms to complete.
[2020.04.11-22.28.57:695][  0]LogFileHelpers: Loading map 'Template_Default' took 0.225
[2020.04.11-22.28.57:903][  0]LogSlate: Updating window title bar state: overlay mode, drag disabled, window buttons hidden, title bar hidden
[2020.04.11-22.28.57:914][  0]LogSlate: Updating window title bar state: overlay mode, drag disabled, window buttons hidden, title bar hidden
[2020.04.11-22.28.57:929][  0]LogSlate: Updating window title bar state: overlay mode, drag disabled, window buttons hidden, title bar hidden
[2020.04.11-22.28.57:946][  0]LogSlate: Updating window title bar state: overlay mode, drag disabled, window buttons hidden, title bar hidden
[2020.04.11-22.28.57:999][  0]LogCollectionManager: Loaded 0 collections in 0.003091 seconds
[2020.04.11-22.28.58:043][  0]LogFileCache: Scanning file cache for directory 'C:/Users/TheK-B1000/Desktop/The K-B Folder/Unreal/repos/MyGame/MoneyHeist/Saved/Collections/' took 0.01s
[2020.04.11-22.28.58:043][  0]LogFileCache: Scanning file cache for directory 'C:/Users/TheK-B1000/Desktop/The K-B Folder/Unreal/repos/MyGame/MoneyHeist/Content/Developers/TheKB1000/Collections/' took 0.00s
[2020.04.11-22.28.58:043][  0]LogFileCache: Scanning file cache for directory 'C:/Users/TheK-B1000/Desktop/The K-B Folder/Unreal/repos/MyGame/MoneyHeist/Content/Collections/' took 0.00s
[2020.04.11-22.28.58:043][  0]LogContentBrowser: Native class hierarchy populated in 0.0157 seconds. Added 3016 classes and 719 folders.
[2020.04.11-22.28.58:059][  0]LogContentBrowser: Native class hierarchy updated for 'WidgetCarousel' in 0.0004 seconds. Added 0 classes and 0 folders.
[2020.04.11-22.28.58:281][  0]LogContentBrowser: Native class hierarchy updated for 'AddContentDialog' in 0.0004 seconds. Added 0 classes and 0 folders.
[2020.04.11-22.28.58:292][  0]LogContentBrowser: Native class hierarchy updated for 'SceneOutliner' in 0.0005 seconds. Added 2 classes and 3 folders.
[2020.04.11-22.28.58:467][  0]LogSlate: Took 0.000238 seconds to synchronously load lazily loaded font '../../../Engine/Content/Slate/Fonts/Roboto-Regular.ttf' (155K)
[2020.04.11-22.28.58:471][  0]LogSlate: Took 0.000355 seconds to synchronously load lazily loaded font '../../../Engine/Content/Slate/Fonts/Roboto-Bold.ttf' (160K)
[2020.04.11-22.28.58:478][  0]LogSlate: Took 0.000919 seconds to synchronously load lazily loaded font '../../../Engine/Content/Editor/Slate/Fonts/FontAwesome.ttf' (139K)
[2020.04.11-22.28.58:585][  0]LogRenderer: Reallocating scene render targets to support 888x436 Format 10 NumSamples 1 (Frame:1).
[2020.04.11-22.28.58:797][  0]LogContentBrowser: Native class hierarchy updated for 'HierarchicalLODOutliner' in 0.0006 seconds. Added 0 classes and 0 folders.
[2020.04.11-22.28.58:797][  0]LogLoad: (Engine Initialization) Total time: 12.24 seconds
[2020.04.11-22.28.58:797][  0]LogLoad: (Engine Initialization) Total Blueprint compile time: 0.00 seconds
[2020.04.11-22.28.58:866][  0]LogAssetRegistry: Asset discovery search completed in 7.3244 seconds
[2020.04.11-22.28.58:870][  0]LogCollectionManager: Fixed up redirectors for 0 collections in 0.000030 seconds (updated 0 objects)
[2020.04.11-22.28.58:872][  0]LogContentStreaming: Texture pool size now 1000 MB
[2020.04.11-22.28.58:892][  0]LogSlate: Took 0.001071 seconds to synchronously load lazily loaded font '../../../Engine/Content/Slate/Fonts/Roboto-Light.ttf' (167K)
[2020.04.11-22.36.39:261][474]LogEditorViewport: Clicking on Actor (LMB): StaticMeshActor (Floor)
[2020.04.11-22.46.29:070][299]LogTexture: Display: Building textures: T_PolygonHeist_01_A (AutoDXT, 1024X1024)
[2020.04.11-22.46.29:070][299]LogMaterial: Display: Missing cached shader map for material Mat_PolygonHeist_Shiny, compiling. 
[2020.04.11-22.46.29:205][299]LogShaderCompilers: Display: Worker (1/3): shaders left to compile 24
[2020.04.11-22.46.29:205][299]LogShaderCompilers: Display: Worker (2/3): shaders left to compile 15
[2020.04.11-22.46.29:205][299]LogShaderCompilers: Display: Worker (3/3): shaders left to compile 6
[2020.04.11-22.46.29:205][299]LogStaticMesh: Building static mesh SM_Env_Floor_01...
[2020.04.11-22.46.29:242][299]LogSlate: Took 0.001207 seconds to synchronously load lazily loaded font '../../../Engine/Content/Slate/Fonts/Roboto-Light.ttf' (167K)
[2020.04.11-22.46.29:306][299]LogStaticMesh: Built static mesh [0.10s] /Game/PolygonHeist/Meshes/Environments/SM_Env_Floor_01.SM_Env_Floor_01
[2020.04.11-22.46.29:388][299]LogActorFactory: Actor Factory created SM_Env_Floor_01
[2020.04.11-22.46.30:132][325]LogActorFactory: Actor Factory created SM_Env_Floor_01
[2020.04.11-22.46.30:859][350]LogEditorViewport: Clicking on Actor (LMB): StaticMeshActor (Floor)
[2020.04.11-22.46.31:670][380]Cmd: DELETE
[2020.04.11-22.46.31:670][380]Cmd: ACTOR DELETE
[2020.04.11-22.46.31:695][380]LogEditorActor: Deleted Actor: StaticMeshActor
[2020.04.11-22.46.31:739][380]LogUObjectHash: Compacting FUObjectHashTables data took   2.59ms
[2020.04.11-22.46.31:741][380]LogEditorActor: Deleted 1 Actors (0.059 secs)
[2020.04.11-22.46.34:815][508]LogEditorViewport: Clicking on Actor (LMB): StaticMeshActor (SM_Env_Floor_01)
[2020.04.11-22.46.46:511][953]LogMaterial: Display: Missing cached shader map for material Mat_PolygonHeist_Matte, compiling. 
[2020.04.11-22.46.46:547][953]LogStaticMesh: Building static mesh SM_Env_Floor_02...
[2020.04.11-22.46.46:605][953]LogStaticMesh: Built static mesh [0.06s] /Game/PolygonHeist/Meshes/Environments/SM_Env_Floor_02.SM_Env_Floor_02
[2020.04.11-22.46.46:655][953]LogActorFactory: Actor Factory created SM_Env_Floor_02
[2020.04.11-22.46.47:321][976]LogActorFactory: Actor Factory created SM_Env_Floor_02
[2020.04.11-22.46.51:031][109]Cmd: DELETE
[2020.04.11-22.46.51:031][109]Cmd: ACTOR DELETE
[2020.04.11-22.46.51:033][109]LogEditorActor: Deleted Actor: StaticMeshActor
[2020.04.11-22.46.51:074][109]LogUObjectHash: Compacting FUObjectHashTables data took   3.20ms
[2020.04.11-22.46.51:077][109]LogEditorActor: Deleted 1 Actors (0.046 secs)
[2020.04.11-22.46.52:664][174]LogEditorViewport: Clicking on Actor (LMB): StaticMeshActor (SM_Env_Floor_01)
[2020.04.11-22.46.54:955][262]LogMaterial: Display: Missing cached shader map for material Mat_PolygonHeist_01_A, compiling. 
[2020.04.11-22.46.55:063][262]LogStaticMesh: Building static mesh SM_Env_Pillar_Exterior_Floor_02...
[2020.04.11-22.46.55:117][262]LogStaticMesh: Built static mesh [0.05s] /Game/PolygonHeist/Meshes/Environments/SM_Env_Pillar_Exterior_Floor_02.SM_Env_Pillar_Exterior_Floor_02
[2020.04.11-22.46.55:171][262]LogActorFactory: Actor Factory created SM_Env_Pillar_Exterior_Floor_02
[2020.04.11-22.46.55:947][288]LogActorFactory: Actor Factory created SM_Env_Pillar_Exterior_Floor_02
[2020.04.11-22.46.59:473][411]Cmd: DELETE
[2020.04.11-22.46.59:473][411]Cmd: ACTOR DELETE
[2020.04.11-22.46.59:476][411]LogEditorActor: Deleted Actor: StaticMeshActor
[2020.04.11-22.46.59:519][411]LogUObjectHash: Compacting FUObjectHashTables data took   2.02ms
[2020.04.11-22.46.59:524][411]LogEditorActor: Deleted 1 Actors (0.051 secs)
[2020.04.11-22.47.01:467][488]LogEditorViewport: Clicking on Actor (LMB): StaticMeshActor (SM_Env_Floor_01)
[2020.04.11-22.47.05:070][627]Cmd: DUPLICATE
[2020.04.11-22.47.05:070][627]Cmd: ACTOR DUPLICATE
[2020.04.11-22.47.20:737][234]LogTemp: Repeating last play command: Selected Viewport
[2020.04.11-22.47.20:760][234]LogPlayLevel: PlayLevel: No blueprints needed recompiling
[2020.04.11-22.47.20:770][234]PIE: New page: PIE session: Untitled_1 (Apr 11, 2020, 8:47:20 AM)
[2020.04.11-22.47.20:777][234]LogOnline: OSS: Creating online subsystem instance for: NULL
[2020.04.11-22.47.20:780][234]LogOnline: OSS: TryLoadSubsystemAndSetDefault: Loaded subsystem for module [NULL]
[2020.04.11-22.47.20:783][234]LogPlayLevel: Creating play world package: /Temp/UEDPIE_0_Untitled_1
[2020.04.11-22.47.20:789][234]LogPlayLevel: PIE: StaticDuplicateObject took: (0.005623s)
[2020.04.11-22.47.20:792][234]LogAIModule: Creating AISystem for world Untitled_1
[2020.04.11-22.47.20:792][234]LogPlayLevel: PIE: World Init took: (0.002811s)
[2020.04.11-22.47.20:793][234]LogPlayLevel: PIE: Created PIE world by copying editor world from /Temp/Untitled_1.Untitled_1 to /Temp/UEDPIE_0_Untitled_1.Untitled_1 (0.009635s)
[2020.04.11-22.47.20:832][234]LogUObjectHash: Compacting FUObjectHashTables data took   3.20ms
[2020.04.11-22.47.20:840][234]LogAudioMixer: Display: Audio Mixer Platform Settings:
[2020.04.11-22.47.20:840][234]LogAudioMixer: Display: 	Sample Rate:						  48000
[2020.04.11-22.47.20:840][234]LogAudioMixer: Display: 	Callback Buffer Frame Size Requested: 1024
[2020.04.11-22.47.20:840][234]LogAudioMixer: Display: 	Callback Buffer Frame Size To Use:	  1024
[2020.04.11-22.47.20:840][234]LogAudioMixer: Display: 	Number of buffers to queue:			  2
[2020.04.11-22.47.20:840][234]LogAudioMixer: Display: 	Max Channels (voices):				  32
[2020.04.11-22.47.20:840][234]LogAudioMixer: Display: 	Number of Async Source Workers:		  0
[2020.04.11-22.47.20:840][234]LogAudio: Display: AudioDevice MaxSources: 32
[2020.04.11-22.47.20:841][234]LogAudio: Display: Using built-in audio occlusion.
[2020.04.11-22.47.20:841][234]LogAudioMixer: Display: Initializing audio mixer.
[2020.04.11-22.47.20:890][234]LogAudioMixer: Display: Audio Device Output Speaker Info:
[2020.04.11-22.47.20:890][234]LogAudioMixer: Display: Name: Speakers (Realtek High Definition Audio)
[2020.04.11-22.47.20:890][234]LogAudioMixer: Display: Is Default: Yes
[2020.04.11-22.47.20:890][234]LogAudioMixer: Display: Sample Rate: 48000
[2020.04.11-22.47.20:890][234]LogAudioMixer: Display: Channel Count Used: 2
[2020.04.11-22.47.20:890][234]LogAudioMixer: Display: Device Channel Count: 2
[2020.04.11-22.47.20:890][234]LogAudioMixer: Display: Channel Order:
[2020.04.11-22.47.20:890][234]LogAudioMixer: Display: 0: FrontLeft
[2020.04.11-22.47.20:890][234]LogAudioMixer: Display: 1: FrontRight
[2020.04.11-22.47.21:062][234]LogAudioMixer: Display: Using Audio Device Speakers (Realtek High Definition Audio)
[2020.04.11-22.47.21:077][234]LogInit: FAudioDevice initialized.
[2020.04.11-22.47.21:102][234]LogLoad: Game class is 'GameModeBase'
[2020.04.11-22.47.21:112][234]LogWorld: Bringing World /Temp/UEDPIE_0_Untitled_1.Untitled_1 up for play (max tick rate 60) at 2020.04.11-15.47.21
[2020.04.11-22.47.21:118][234]LogWorld: Bringing up level for play took: 0.005751
[2020.04.11-22.47.21:119][234]LogOnline: OSS: Creating online subsystem instance for: :Context_3
[2020.04.11-22.47.21:145][234]LogContentBrowser: Native class hierarchy updated for 'MovieSceneCapture' in 0.0009 seconds. Added 20 classes and 0 folders.
[2020.04.11-22.47.21:159][234]PIE: Play in editor start time for /Temp/UEDPIE_0_Untitled_1 0.486
[2020.04.11-22.47.21:878][259]LogAudioMixer: Display: No commands were queued while flushing the source manager.
[2020.04.11-22.47.21:878][259]LogAudioMixer: Display: No commands were queued while flushing the source manager.
[2020.04.11-22.47.21:885][259]LogSlate: Updating window title bar state: overlay mode, drag disabled, window buttons hidden, title bar hidden
[2020.04.11-22.47.21:886][259]LogWorld: BeginTearingDown for /Temp/UEDPIE_0_Untitled_1
[2020.04.11-22.47.21:886][259]LogAudioMixer: Display: No commands were queued while flushing the source manager.
[2020.04.11-22.47.21:888][259]LogWorld: UWorld::CleanupWorld for Untitled_1, bSessionEnded=true, bCleanupResources=true
[2020.04.11-22.47.21:888][259]LogSlate: InvalidateAllWidgets triggered.  All widgets were invalidated
[2020.04.11-22.47.21:905][259]LogPlayLevel: Display: Shutting down PIE online subsystems
[2020.04.11-22.47.21:918][259]LogSlate: InvalidateAllWidgets triggered.  All widgets were invalidated
[2020.04.11-22.47.21:957][259]LogAudioMixer: Display: No commands were queued while flushing the source manager.
[2020.04.11-22.47.21:971][259]LogSlate: Updating window title bar state: overlay mode, drag disabled, window buttons hidden, title bar hidden
[2020.04.11-22.47.21:987][259]LogUObjectHash: Compacting FUObjectHashTables data took   8.26ms
[2020.04.11-22.47.22:021][260]LogPlayLevel: Display: Destroying online subsystem :Context_3
[2020.04.11-22.47.24:946][378]LogShaderCompilers: Display: Worker (3/3): shaders left to compile 108
[2020.04.11-22.47.46:812][999]LogShaderCompilers: Display: Worker (1/3): shaders left to compile 98
[2020.04.11-22.47.46:813][999]LogShaderCompilers: Display: Worker (2/3): shaders left to compile 88
[2020.04.11-22.47.58:391][106]LogShaderCompilers: Display: Worker (3/3): shaders left to compile 78
[2020.04.11-22.48.03:508][175]LogShaderCompilers: Display: Worker (2/3): shaders left to compile 68
[2020.04.11-22.48.04:808][195]LogShaderCompilers: Display: Worker (1/3): shaders left to compile 58
[2020.04.11-22.48.14:483][312]LogShaderCompilers: Display: Worker (3/3): shaders left to compile 48
[2020.04.11-22.48.18:821][376]LogShaderCompilers: Display: Worker (1/3): shaders left to compile 38
[2020.04.11-22.48.19:603][388]LogShaderCompilers: Display: Worker (2/3): shaders left to compile 28
[2020.04.11-22.48.30:549][544]LogShaderCompilers: Display: Worker (3/3): shaders left to compile 18
[2020.04.11-22.48.32:908][590]LogShaderCompilers: Display: Worker (2/3): shaders left to compile 11
[2020.04.11-22.48.34:135][621]LogShaderCompilers: Display: Worker (1/3): shaders left to compile 7
[2020.04.11-22.48.36:410][668]LogShaderCompilers: Display: Worker (2/3): shaders left to compile 4
[2020.04.11-22.48.37:165][684]LogShaderCompilers: Display: Worker (1/3): shaders left to compile 2
[2020.04.11-22.48.37:409][689]LogShaderCompilers: Display: Worker (3/3): shaders left to compile 1
[2020.04.11-22.48.47:606][746]LogUObjectHash: Compacting FUObjectHashTables data took   0.76ms
[2020.04.11-22.48.47:658][746]LogSavePackage: Moving '../../../../../../Users/TheK-B1000/Desktop/The K-B Folder/Unreal/repos/MyGame/MoneyHeist/Saved/Untitled_1_Auto14EBA8DE848D1DFF2091B9981EAE1AB44.tmp' to '../../../../../../Users/TheK-B1000/Desktop/The K-B Folder/Unreal/repos/MyGame/MoneyHeist/Saved/Autosaves/Temp/Untitled_1_Auto1.umap'
[2020.04.11-22.48.47:666][746]LogFileHelpers: Editor autosave (incl. sublevels) for '/Temp/Untitled_1' took 0.097
[2020.04.11-22.48.47:666][746]LogFileHelpers: Editor autosave (incl. sublevels) for all levels took 0.097
[2020.04.11-22.50.24:823][417]LogSkeletalMesh: Building Skeletal Mesh SK_Character_Male_Overall_01_Duffle...
[2020.04.11-22.50.24:832][417]LogSkeletalMesh: Built Skeletal Mesh [0.01s] /Game/PolygonHeist/Meshes/Characters/SK_Character_Male_Overall_01_Duffle.SK_Character_Male_Overall_01_Duffle
[2020.04.11-22.50.31:772][742]LogEditorViewport: Clicking on Actor (LMB): StaticMeshActor (SM_Env_Floor_2)
[2020.04.11-22.50.35:862][940]Cmd: DUPLICATE
[2020.04.11-22.50.35:863][940]Cmd: ACTOR DUPLICATE
[2020.04.11-22.50.39:124][ 94]LogEditorViewport: Clicking on Actor (LMB): BP_Sky_Sphere_C (Sky Sphere)
[2020.04.11-22.50.39:853][128]LogEditorViewport: Clicking on Actor (LMB): StaticMeshActor (SM_Env_Floor_3)
[2020.04.11-22.50.41:863][224]Cmd: DUPLICATE
[2020.04.11-22.50.41:864][224]Cmd: ACTOR DUPLICATE
[2020.04.11-22.50.56:178][912]LogEditorViewport: Clicking on Actor (CTRL LMB): StaticMeshActor (SM_Env_Floor_01)
[2020.04.11-22.50.56:468][923]LogEditorViewport: Clicking on Actor (CTRL LMB): StaticMeshActor (SM_Env_Floor_3)
[2020.04.11-22.50.56:897][941]LogEditorViewport: Clicking on Actor (CTRL LMB): StaticMeshActor (SM_Env_Floor_2)
[2020.04.11-22.51.00:021][ 89]LogEditorViewport: Clicking on Actor (LMB): StaticMeshActor (SM_Env_Floor_2)
[2020.04.11-22.55.26:174][902]LogStaticMesh: Building static mesh SM_Env_Stairway_01...
[2020.04.11-22.55.26:231][902]LogStaticMesh: Built static mesh [0.06s] /Game/PolygonHeist/Meshes/Environments/SM_Env_Stairway_01.SM_Env_Stairway_01
[2020.04.11-22.55.26:274][902]LogActorFactory: Actor Factory created SM_Env_Stairway_01
[2020.04.11-22.55.27:178][938]LogActorFactory: Actor Factory created SM_Env_Stairway_01
[2020.04.11-22.55.38:410][463]LogEditorViewport: Clicking on Actor (context menu): BP_Sky_Sphere_C (Sky Sphere)
[2020.04.11-22.55.39:195][489]LogEditorViewport: Clicking on Actor (LMB): StaticMeshActor (SM_Env_Floor_2)
[2020.04.11-22.55.42:792][653]LogEditorViewport: Clicking on Actor (CTRL LMB): StaticMeshActor (SM_Env_Floor_3)
[2020.04.11-22.55.43:409][679]LogEditorViewport: Clicking on Actor (CTRL LMB): StaticMeshActor (SM_Env_Floor_4)
[2020.04.11-22.55.44:050][705]LogEditorViewport: Clicking on Actor (LMB): StaticMeshActor (SM_Env_Floor_2)
[2020.04.11-22.55.44:489][722]LogEditorViewport: Clicking on Actor (CTRL LMB): StaticMeshActor (SM_Env_Floor_01)
[2020.04.11-22.55.45:403][765]Cmd: DUPLICATE
[2020.04.11-22.55.45:404][765]Cmd: ACTOR DUPLICATE
[2020.04.11-22.55.56:326][291]LogEditorViewport: Clicking on Actor (LMB): StaticMeshActor (SM_Env_Floor_3)
[2020.04.11-22.55.59:768][445]LogEditorViewport: Clicking on Actor (CTRL LMB): StaticMeshActor (SM_Env_Floor_4)
[2020.04.11-22.56.00:905][497]Cmd: DUPLICATE
[2020.04.11-22.56.00:905][497]Cmd: ACTOR DUPLICATE
[2020.04.11-22.56.11:621][ 29]LogEditorViewport: Clicking on Actor (LMB): BP_Sky_Sphere_C (Sky Sphere)
[2020.04.11-22.56.22:765][573]LogEditorViewport: Clicking on Actor (LMB): SkeletalMeshActor (SK_Character_Male_Overall_01_Duffle)
[2020.04.11-22.56.26:917][756]LogUObjectHash: Compacting FUObjectHashTables data took   2.56ms
[2020.04.11-22.56.29:129][756]LogSlate: Window 'Save Content' being destroyed
[2020.04.11-22.56.42:196][184]LogSkeletalMesh: Building Skeletal Mesh SK_Character_Male_Overall_01...
[2020.04.11-22.56.42:206][184]LogSkeletalMesh: Built Skeletal Mesh [0.01s] /Game/PolygonHeist/Meshes/Characters/SK_Character_Male_Overall_01.SK_Character_Male_Overall_01
[2020.04.11-22.56.48:591][424]LogSkeletalMesh: Building Skeletal Mesh SK_Character_Male_Shirt_01...
[2020.04.11-22.56.48:596][424]LogSkeletalMesh: Built Skeletal Mesh [0.01s] /Game/PolygonHeist/Meshes/Characters/SK_Character_Male_Shirt_01.SK_Character_Male_Shirt_01
[2020.04.11-22.56.51:462][526]LogMaterial: Display: Missing cached shader map for material Mat_PolygonHeist_Swat_Goggles, compiling. 
[2020.04.11-22.56.51:593][526]LogSkeletalMesh: Building Skeletal Mesh SK_Character_Male_SWAT_01...
[2020.04.11-22.56.51:604][526]LogShaderCompilers: Display: Worker (1/3): shaders left to compile 87
[2020.04.11-22.56.51:604][526]LogShaderCompilers: Display: Worker (2/3): shaders left to compile 77
[2020.04.11-22.56.51:604][526]LogShaderCompilers: Display: Worker (3/3): shaders left to compile 67
[2020.04.11-22.56.51:604][526]LogSkeletalMesh: Built Skeletal Mesh [0.01s] /Game/PolygonHeist/Meshes/Characters/SK_Character_Male_SWAT_01.SK_Character_Male_SWAT_01
[2020.04.11-22.56.54:919][621]LogSkeletalMesh: Building Skeletal Mesh SK_Character_Male_SuitVest_01_Duffle...
[2020.04.11-22.56.54:932][621]LogSkeletalMesh: Built Skeletal Mesh [0.02s] /Game/PolygonHeist/Meshes/Characters/SK_Character_Male_SuitVest_01_Duffle.SK_Character_Male_SuitVest_01_Duffle
[2020.04.11-22.57.02:020][853]LogSkeletalMesh: Building Skeletal Mesh SK_Character_Female_SuitVest_01_Duffle...
[2020.04.11-22.57.02:030][853]LogSkeletalMesh: Built Skeletal Mesh [0.01s] /Game/PolygonHeist/Meshes/Characters/SK_Character_Female_SuitVest_01_Duffle.SK_Character_Female_SuitVest_01_Duffle
[2020.04.11-22.57.07:006][ 60]LogEditorViewport: Clicking on Actor (LMB): StaticMeshActor (SM_Env_Stairway_01)
[2020.04.11-22.57.07:874][ 96]LogEditorViewport: Clicking on Actor (LMB): SkeletalMeshActor (SK_Character_Male_Overall_01_Duffle)
[2020.04.11-22.57.13:623][288]LogAssetEditorSubsystem: Opening Asset editor for PhysicsAsset /Game/PolygonHeist/Meshes/Characters/SK_Character_Male_Shirt_01_Duffle_PhysicsAsset.SK_Character_Male_Shirt_01_Duffle_PhysicsAsset
[2020.04.11-22.57.13:676][288]LogContentBrowser: Native class hierarchy updated for 'PhysicsAssetEditor' in 0.0007 seconds. Added 7 classes and 3 folders.
[2020.04.11-22.57.13:700][288]LogSkeletalMesh: Building Skeletal Mesh SK_Character_Male_Shirt_01_Duffle...
[2020.04.11-22.57.13:706][288]LogSkeletalMesh: Built Skeletal Mesh [0.01s] /Game/PolygonHeist/Meshes/Characters/SK_Character_Male_Shirt_01_Duffle.SK_Character_Male_Shirt_01_Duffle
[2020.04.11-22.57.13:715][288]LogContentBrowser: Native class hierarchy updated for 'SkeletonEditor' in 0.0016 seconds. Added 1 classes and 2 folders.
[2020.04.11-22.57.14:194][288]LogActorComponent: RegisterComponentWithWorld: (/Engine/Transient.World_4:PersistentLevel.AnimationEditorPreviewActor_0.PhysicsAssetEditorSkeletalMeshComponent_0) Already registered. Aborting.
[2020.04.11-22.57.14:206][288]LogContentBrowser: Native class hierarchy updated for 'PinnedCommandList' in 0.0006 seconds. Added 1 classes and 0 folders.
[2020.04.11-22.57.14:858][288]LogSlate: Took 0.001101 seconds to synchronously load lazily loaded font '../../../Engine/Content/Slate/Fonts/Roboto-BoldCondensed.ttf' (158K)
[2020.04.11-22.57.15:083][288]LogRenderer: Reallocating scene render targets to support 912x668 Format 10 NumSamples 1 (Frame:1).
[2020.04.11-22.57.17:092][288]LogShaderCompilers: Display: Worker (1/3): shaders left to compile 57
[2020.04.11-22.57.23:604][293]LogShaderCompilers: Display: Worker (2/3): shaders left to compile 47
[2020.04.11-22.57.25:138][293]LogShaderCompilers: Display: Worker (3/3): shaders left to compile 37
[2020.04.11-22.57.26:684][293]LogShaderCompilers: Display: Worker (1/3): shaders left to compile 27
[2020.04.11-22.57.45:527][354]LogAudioMixer: Display: Audio Buffer Underrun detected.
[2020.04.11-22.57.49:024][390]LogShaderCompilers: Display: Worker (3/3): shaders left to compile 17
[2020.04.11-22.57.50:229][402]LogShaderCompilers: Display: Worker (2/3): shaders left to compile 11
[2020.04.11-22.57.51:879][417]LogAudioMixer: Display: Audio Buffer Underrun detected.
[2020.04.11-22.57.52:459][423]LogShaderCompilers: Display: Worker (1/3): shaders left to compile 7
[2020.04.11-22.57.59:352][498]LogShaderCompilers: Display: Worker (1/3): shaders left to compile 4
[2020.04.11-22.57.59:477][500]LogShaderCompilers: Display: Worker (2/3): shaders left to compile 2
[2020.04.11-22.58.01:386][519]LogShaderCompilers: Display: Worker (2/3): shaders left to compile 1
[2020.04.11-22.58.48:234][696]LogUObjectHash: Compacting FUObjectHashTables data took   2.06ms
[2020.04.11-22.58.48:296][696]LogSavePackage: Moving '../../../../../../Users/TheK-B1000/Desktop/The K-B Folder/Unreal/repos/MyGame/MoneyHeist/Saved/Untitled_1_Auto29FCAF6FD430757ABC2CDCEA8F9BD01AA.tmp' to '../../../../../../Users/TheK-B1000/Desktop/The K-B Folder/Unreal/repos/MyGame/MoneyHeist/Saved/Autosaves/Temp/Untitled_1_Auto2.umap'
[2020.04.11-22.58.48:324][696]LogFileHelpers: Editor autosave (incl. sublevels) for '/Temp/Untitled_1' took 0.127
[2020.04.11-22.58.48:324][696]LogFileHelpers: Editor autosave (incl. sublevels) for all levels took 0.127
